<?xml version="1.0" encoding="UTF-8"?>
<!-- Generated by org.testng.reporters.JUnitXMLReporter -->
<testsuite hostname="dell-PC" name="Demo Test 2" tests="4" failures="2" timestamp="20 Jan 2019 07:19:40 GMT" time="1.461" errors="0">
  <testcase name="test1" time="0.495" classname="testCases.LoginTest"/>
  <testcase name="test2" time="0.006" classname="testCases.LoginTest">
    <failure type="java.lang.AssertionError" message="expected [true] but found [false]">
      <![CDATA[java.lang.AssertionError: expected [true] but found [false]
	at testCases.LoginTest.test2(LoginTest.java:22)
	at java.util.concurrent.FutureTask.run(FutureTask.java:266)
	at java.util.concurrent.ThreadPoolExecutor.runWorker(ThreadPoolExecutor.java:1149)
	at java.util.concurrent.ThreadPoolExecutor$Worker.run(ThreadPoolExecutor.java:624)
	at java.lang.Thread.run(Thread.java:748)
... Removed 20 stack frames]]>
    </failure>
  </testcase> <!-- test2 -->
  <testcase name="Hometest1" time="0.005" classname="testCases.HomePage"/>
  <testcase name="Hometest2" time="0.835" classname="testCases.HomePage">
    <failure type="java.lang.AssertionError" message="expected [true] but found [false]">
      <![CDATA[java.lang.AssertionError: expected [true] but found [false]
	at testCases.HomePage.Hometest2(HomePage.java:26)
	at java.util.concurrent.FutureTask.run(FutureTask.java:266)
	at java.util.concurrent.ThreadPoolExecutor.runWorker(ThreadPoolExecutor.java:1149)
	at java.util.concurrent.ThreadPoolExecutor$Worker.run(ThreadPoolExecutor.java:624)
	at java.lang.Thread.run(Thread.java:748)
... Removed 20 stack frames]]>
    </failure>
  </testcase> <!-- Hometest2 -->
</testsuite> <!-- Demo Test 2 -->
