<?xml version="1.0" encoding="UTF-8"?>
<!-- Generated by org.testng.reporters.JUnitXMLReporter -->
<testsuite hostname="dell-PC" name="Demo Test" tests="4" failures="1" timestamp="20 Jan 2019 11:43:19 GMT" time="0.766" errors="0">
  <testcase name="Hometest1" time="0.588" classname="testCases.HomePage"/>
  <testcase name="Hometest1" time="0.591" classname="testCases.HomePage"/>
  <testcase name="Hometest1" time="0.59" classname="testCases.HomePage"/>
  <testcase name="Hometest2" time="0.008" classname="testCases.HomePage">
    <failure type="java.lang.AssertionError" message="expected [true] but found [false]">
      <![CDATA[java.lang.AssertionError: expected [true] but found [false]
	at testCases.HomePage.Hometest2(HomePage.java:26)
... Removed 29 stack frames]]>
    </failure>
  </testcase> <!-- Hometest2 -->
</testsuite> <!-- Demo Test -->
