<?xml version="1.0" encoding="UTF-8"?>
<testng-results skipped="0" failed="1" total="4" passed="3">
  <reporter-output>
    <line>
      <![CDATA[Hometest1 = [Pass]<br>]]>
    </line>
    <line>
      <![CDATA[Hometest1 = [Pass]<br>]]>
    </line>
    <line>
      <![CDATA[Hometest1 = [Pass]<br>]]>
    </line>
    <line>
      <![CDATA[Hometest2 = [fail]<br>]]>
    </line>
  </reporter-output>
  <suite name="Automation" duration-ms="766" started-at="2019-01-20T11:43:17Z" finished-at="2019-01-20T11:43:18Z">
    <groups>
    </groups>
    <test name="Demo Test" duration-ms="766" started-at="2019-01-20T11:43:17Z" finished-at="2019-01-20T11:43:18Z">
      <class name="testCases.HomePage">
        <test-method status="PASS" signature="beforeSuite()[pri:0, instance:testCases.HomePage@548a9f61]" name="beforeSuite" is-config="true" duration-ms="21" started-at="2019-01-20T17:13:17Z" finished-at="2019-01-20T17:13:17Z">
          <reporter-output>
          </reporter-output>
        </test-method> <!-- beforeSuite -->
        <test-method status="PASS" signature="Hometest1()[pri:0, instance:testCases.HomePage@548a9f61]" name="Hometest1" duration-ms="591" started-at="2019-01-20T17:13:17Z" finished-at="2019-01-20T17:13:18Z">
          <reporter-output>
            <line>
              <![CDATA[Hometest1 = [Pass]<br>]]>
            </line>
          </reporter-output>
        </test-method> <!-- Hometest1 -->
        <test-method status="PASS" signature="Hometest1()[pri:0, instance:testCases.HomePage@548a9f61]" name="Hometest1" duration-ms="590" started-at="2019-01-20T17:13:17Z" finished-at="2019-01-20T17:13:18Z">
          <reporter-output>
            <line>
              <![CDATA[Hometest1 = [Pass]<br>]]>
            </line>
          </reporter-output>
        </test-method> <!-- Hometest1 -->
        <test-method status="PASS" signature="Hometest1()[pri:0, instance:testCases.HomePage@548a9f61]" name="Hometest1" duration-ms="588" started-at="2019-01-20T17:13:17Z" finished-at="2019-01-20T17:13:18Z">
          <reporter-output>
            <line>
              <![CDATA[Hometest1 = [Pass]<br>]]>
            </line>
          </reporter-output>
        </test-method> <!-- Hometest1 -->
        <test-method status="FAIL" signature="Hometest2()[pri:0, instance:testCases.HomePage@548a9f61]" name="Hometest2" duration-ms="8" started-at="2019-01-20T17:13:18Z" finished-at="2019-01-20T17:13:18Z">
          <exception class="java.lang.AssertionError">
            <message>
              <![CDATA[expected [true] but found [false]]]>
            </message>
            <full-stacktrace>
              <![CDATA[java.lang.AssertionError: expected [true] but found [false]
	at org.testng.Assert.fail(Assert.java:94)
	at org.testng.Assert.failNotEquals(Assert.java:513)
	at org.testng.Assert.assertTrue(Assert.java:42)
	at org.testng.Assert.assertTrue(Assert.java:52)
	at testCases.HomePage.Hometest2(HomePage.java:26)
	at sun.reflect.NativeMethodAccessorImpl.invoke0(Native Method)
	at sun.reflect.NativeMethodAccessorImpl.invoke(NativeMethodAccessorImpl.java:62)
	at sun.reflect.DelegatingMethodAccessorImpl.invoke(DelegatingMethodAccessorImpl.java:43)
	at java.lang.reflect.Method.invoke(Method.java:498)
	at org.testng.internal.MethodInvocationHelper.invokeMethod(MethodInvocationHelper.java:100)
	at org.testng.internal.Invoker.invokeMethod(Invoker.java:646)
	at org.testng.internal.Invoker.invokeTestMethod(Invoker.java:811)
	at org.testng.internal.Invoker.invokeTestMethods(Invoker.java:1129)
	at org.testng.internal.TestMethodWorker.invokeTestMethods(TestMethodWorker.java:129)
	at org.testng.internal.TestMethodWorker.run(TestMethodWorker.java:112)
	at org.testng.TestRunner.privateRun(TestRunner.java:746)
	at org.testng.TestRunner.run(TestRunner.java:600)
	at org.testng.SuiteRunner.runTest(SuiteRunner.java:366)
	at org.testng.SuiteRunner.runSequentially(SuiteRunner.java:361)
	at org.testng.SuiteRunner.privateRun(SuiteRunner.java:319)
	at org.testng.SuiteRunner.run(SuiteRunner.java:268)
	at org.testng.SuiteRunnerWorker.runSuite(SuiteRunnerWorker.java:52)
	at org.testng.SuiteRunnerWorker.run(SuiteRunnerWorker.java:86)
	at org.testng.TestNG.runSuitesSequentially(TestNG.java:1264)
	at org.testng.TestNG.runSuitesLocally(TestNG.java:1189)
	at org.testng.TestNG.runSuites(TestNG.java:1104)
	at org.testng.TestNG.run(TestNG.java:1076)
	at org.testng.remote.AbstractRemoteTestNG.run(AbstractRemoteTestNG.java:126)
	at org.testng.remote.RemoteTestNG.initAndRun(RemoteTestNG.java:152)
	at org.testng.remote.RemoteTestNG.main(RemoteTestNG.java:57)
]]>
            </full-stacktrace>
          </exception> <!-- java.lang.AssertionError -->
          <reporter-output>
            <line>
              <![CDATA[Hometest2 = [fail]<br>]]>
            </line>
          </reporter-output>
        </test-method> <!-- Hometest2 -->
        <test-method status="PASS" signature="afterSuite()[pri:0, instance:testCases.HomePage@548a9f61]" name="afterSuite" is-config="true" duration-ms="225" started-at="2019-01-20T17:13:19Z" finished-at="2019-01-20T17:13:20Z">
          <reporter-output>
          </reporter-output>
        </test-method> <!-- afterSuite -->
      </class> <!-- testCases.HomePage -->
    </test> <!-- Demo Test -->
  </suite> <!-- Automation -->
</testng-results>
